<?xml version="1.0" encoding="UTF-8"?>
<!-- Generated by org.testng.reporters.JUnitXMLReporter -->
<testsuite ignored="0" hostname="DESKTOP-0GLA50J" failures="1" tests="2" name="Test" time="70.175" errors="0" timestamp="2022-11-23T15:56:40 COT">
  <testcase classname="firstMavenProject.QATools" name="Assert" time="0.018">
    <failure type="java.lang.AssertionError" message="expected [Pune] but found [Mumbai]">
      <![CDATA[java.lang.AssertionError: expected [Pune] but found [Mumbai]
at firstMavenProject.QATools.Assert(QATools.java:70)
at java.base/java.util.ArrayList.forEach(ArrayList.java:1511)
... Removed 33 stack frames]]>
    </failure>
  </testcase> <!-- Assert -->
  <testcase classname="firstMavenProject.QATools" name="TextBox" time="18.043"/>
</testsuite> <!-- Test -->
