<?xml version="1.0" encoding="UTF-8"?>
<testng-results ignored="0" total="1" passed="0" failed="1" skipped="0">
  <reporter-output>
  </reporter-output>
  <suite started-at="2022-11-30T16:20:55 COT" name="Default suite" finished-at="2022-11-30T16:21:06 COT" duration-ms="10985">
    <groups>
    </groups>
    <test started-at="2022-11-30T16:20:55 COT" name="Default test" finished-at="2022-11-30T16:21:06 COT" duration-ms="10985">
      <class name="testcase.DateOfBirthTC">
        <test-method is-config="true" signature="setUp()[pri:0, instance:testcase.DateOfBirthTC@1a4013]" started-at="2022-11-30T16:20:55 COT" name="setUp" finished-at="2022-11-30T16:21:02 COT" duration-ms="7623" status="PASS">
          <reporter-output>
          </reporter-output>
        </test-method> <!-- setUp -->
        <test-method signature="selectDOBFacebook()[pri:0, instance:testcase.DateOfBirthTC@1a4013]" started-at="2022-11-30T16:21:02 COT" name="selectDOBFacebook" finished-at="2022-11-30T16:21:06 COT" duration-ms="3281" status="FAIL">
          <exception class="java.lang.UnsupportedOperationException">
            <message>
              <![CDATA[You may only deselect options of a multi-select]]>
            </message>
            <full-stacktrace>
              <![CDATA[java.lang.UnsupportedOperationException: You may only deselect options of a multi-select
at org.openqa.selenium.support.ui.Select.deselectByVisibleText(Select.java:264)
at utility.CommonFunction.drpdown(CommonFunction.java:11)
at Pages.LoginPage.selectDOB(LoginPage.java:65)
at testcase.DateOfBirthTC.selectDOBFacebook(DateOfBirthTC.java:33)
at java.base/jdk.internal.reflect.NativeMethodAccessorImpl.invoke0(Native Method)
at java.base/jdk.internal.reflect.NativeMethodAccessorImpl.invoke(NativeMethodAccessorImpl.java:77)
at java.base/jdk.internal.reflect.DelegatingMethodAccessorImpl.invoke(DelegatingMethodAccessorImpl.java:43)
at java.base/java.lang.reflect.Method.invoke(Method.java:568)
at org.testng.internal.MethodInvocationHelper.invokeMethod(MethodInvocationHelper.java:133)
at org.testng.internal.TestInvoker.invokeMethod(TestInvoker.java:598)
at org.testng.internal.TestInvoker.invokeTestMethod(TestInvoker.java:173)
at org.testng.internal.MethodRunner.runInSequence(MethodRunner.java:46)
at org.testng.internal.TestInvoker$MethodInvocationAgent.invoke(TestInvoker.java:824)
at org.testng.internal.TestInvoker.invokeTestMethods(TestInvoker.java:146)
at org.testng.internal.TestMethodWorker.invokeTestMethods(TestMethodWorker.java:146)
at org.testng.internal.TestMethodWorker.run(TestMethodWorker.java:128)
at java.base/java.util.ArrayList.forEach(ArrayList.java:1511)
at org.testng.TestRunner.privateRun(TestRunner.java:794)
at org.testng.TestRunner.run(TestRunner.java:596)
at org.testng.SuiteRunner.runTest(SuiteRunner.java:377)
at org.testng.SuiteRunner.runSequentially(SuiteRunner.java:371)
at org.testng.SuiteRunner.privateRun(SuiteRunner.java:332)
at org.testng.SuiteRunner.run(SuiteRunner.java:276)
at org.testng.SuiteRunnerWorker.runSuite(SuiteRunnerWorker.java:53)
at org.testng.SuiteRunnerWorker.run(SuiteRunnerWorker.java:96)
at org.testng.TestNG.runSuitesSequentially(TestNG.java:1212)
at org.testng.TestNG.runSuitesLocally(TestNG.java:1134)
at org.testng.TestNG.runSuites(TestNG.java:1063)
at org.testng.TestNG.run(TestNG.java:1031)
at org.testng.remote.AbstractRemoteTestNG.run(AbstractRemoteTestNG.java:115)
at org.testng.remote.RemoteTestNG.initAndRun(RemoteTestNG.java:251)
at org.testng.remote.RemoteTestNG.main(RemoteTestNG.java:77)
]]>
            </full-stacktrace>
          </exception> <!-- java.lang.UnsupportedOperationException -->
          <reporter-output>
          </reporter-output>
        </test-method> <!-- selectDOBFacebook -->
      </class> <!-- testcase.DateOfBirthTC -->
    </test> <!-- Default test -->
  </suite> <!-- Default suite -->
</testng-results>
